14:40:18.889 [main] INFO  o.s.c.a.AnnotationConfigApplicationContext - Refreshing org.springframework.context.annotation.AnnotationConfigApplicationContext@5a37d3ed: startup date [Thu Dec 12 14:40:18 CST 2019]; root of context hierarchy 
14:40:19.227 [main] INFO  o.s.b.f.a.AutowiredAnnotationBeanPostProcessor - JSR-330 'javax.inject.Inject' annotation found and supported for autowiring 
14:40:19.237 [background-preinit] INFO  o.h.validator.internal.util.Version - HV000001: Hibernate Validator 5.3.5.Final 
14:40:19.273 [main] INFO  o.s.c.s.PostProcessorRegistrationDelegate$BeanPostProcessorChecker - Bean 'configurationPropertiesRebinderAutoConfiguration' of type [org.springframework.cloud.autoconfigure.ConfigurationPropertiesRebinderAutoConfiguration$$EnhancerBySpringCGLIB$$fd3b7ade] is not eligible for getting processed by all BeanPostProcessors (for example: not eligible for auto-proxying) 
14:40:19.810 [main] INFO  o.s.c.n.eureka.InstanceInfoFactory - Setting initial instance status as: STARTING 
14:40:19.898 [main] INFO  c.netflix.discovery.DiscoveryClient - Initializing Eureka in region us-east-1 
14:40:20.438 [main] INFO  c.n.d.p.DiscoveryJerseyProvider - Using JSON encoding codec LegacyJacksonJson 
14:40:20.438 [main] INFO  c.n.d.p.DiscoveryJerseyProvider - Using JSON decoding codec LegacyJacksonJson 
14:40:20.573 [main] INFO  c.n.d.p.DiscoveryJerseyProvider - Using XML encoding codec XStreamXml 
14:40:20.573 [main] INFO  c.n.d.p.DiscoveryJerseyProvider - Using XML decoding codec XStreamXml 
14:40:20.803 [main] INFO  c.n.d.s.r.aws.ConfigClusterResolver - Resolving eureka endpoints via configuration 
14:40:20.979 [main] INFO  c.netflix.discovery.DiscoveryClient - Disable delta property : false 
14:40:20.980 [main] INFO  c.netflix.discovery.DiscoveryClient - Single vip registry refresh property : null 
14:40:20.980 [main] INFO  c.netflix.discovery.DiscoveryClient - Force full registry fetch : false 
14:40:20.980 [main] INFO  c.netflix.discovery.DiscoveryClient - Application is null : false 
14:40:20.980 [main] INFO  c.netflix.discovery.DiscoveryClient - Registered Applications size is zero : true 
14:40:20.980 [main] INFO  c.netflix.discovery.DiscoveryClient - Application version is -1: true 
14:40:20.980 [main] INFO  c.netflix.discovery.DiscoveryClient - Getting all instance registry info from the eureka server 
14:40:21.131 [main] INFO  c.netflix.discovery.DiscoveryClient - The response status is 200 
14:40:21.147 [main] INFO  c.netflix.discovery.DiscoveryClient - Not registering with Eureka server per configuration 
14:40:21.147 [main] INFO  c.netflix.discovery.DiscoveryClient - Discovery Client initialized at timestamp 1576132821147 with initial instances count: 3 
14:40:21.553 [main] INFO  o.s.c.c.c.ConfigServicePropertySourceLocator - Fetching config from server at: http://172.20.16.183:7979/ 
14:40:23.090 [main] INFO  o.s.c.c.c.ConfigServicePropertySourceLocator - Located environment: name=application-config, profiles=[test], label=master, version=a2c822efeb2dd4f6b7cb567653f9e68d9a640cc2, state=null 
14:40:23.090 [main] INFO  o.s.c.b.c.PropertySourceBootstrapConfiguration - Located property source: CompositePropertySource [name='configService', propertySources=[MapPropertySource [name='configClient'], MapPropertySource [name='https://github.com/mambolls/config.git/application-config-test.yml']]] 
14:40:23.101 [main] INFO  com.example.mybatisplus.LanmdaTest - No active profile set, falling back to default profiles: default 
14:40:23.106 [main] INFO  o.s.w.c.s.GenericWebApplicationContext - Refreshing org.springframework.web.context.support.GenericWebApplicationContext@1ee27d73: startup date [Thu Dec 12 14:40:23 CST 2019]; parent: org.springframework.context.annotation.AnnotationConfigApplicationContext@5a37d3ed 
14:40:23.773 [main] INFO  o.s.b.f.xml.XmlBeanDefinitionReader - Loading XML bean definitions from class path resource [META-INF/cxf/cxf.xml] 
14:40:24.230 [main] INFO  o.s.c.context.scope.GenericScope - BeanFactory id=33375d0f-d64b-3456-91c8-fba89b80669b 
14:40:24.336 [main] INFO  o.s.b.f.a.AutowiredAnnotationBeanPostProcessor - JSR-330 'javax.inject.Inject' annotation found and supported for autowiring 
14:40:24.597 [main] INFO  o.s.c.s.PostProcessorRegistrationDelegate$BeanPostProcessorChecker - Bean 'org.springframework.transaction.annotation.ProxyTransactionManagementConfiguration' of type [org.springframework.transaction.annotation.ProxyTransactionManagementConfiguration$$EnhancerBySpringCGLIB$$e12177e1] is not eligible for getting processed by all BeanPostProcessors (for example: not eligible for auto-proxying) 
14:40:24.829 [main] INFO  o.s.c.s.PostProcessorRegistrationDelegate$BeanPostProcessorChecker - Bean 'org.springframework.cloud.netflix.metrics.MetricsInterceptorConfiguration$MetricsRestTemplateConfiguration' of type [org.springframework.cloud.netflix.metrics.MetricsInterceptorConfiguration$MetricsRestTemplateConfiguration$$EnhancerBySpringCGLIB$$134e1e22] is not eligible for getting processed by all BeanPostProcessors (for example: not eligible for auto-proxying) 
14:40:24.853 [main] INFO  o.s.c.s.PostProcessorRegistrationDelegate$BeanPostProcessorChecker - Bean 'org.springframework.cloud.autoconfigure.ConfigurationPropertiesRebinderAutoConfiguration' of type [org.springframework.cloud.autoconfigure.ConfigurationPropertiesRebinderAutoConfiguration$$EnhancerBySpringCGLIB$$fd3b7ade] is not eligible for getting processed by all BeanPostProcessors (for example: not eligible for auto-proxying) 
14:40:25.066 [main] INFO  c.a.d.s.b.a.DruidDataSourceAutoConfigure - Init DruidDataSource 
14:40:25.429 [main] INFO  c.a.druid.pool.DruidDataSource - {dataSource-1} inited 
14:40:26.064 [main] INFO  o.s.c.a.AnnotationConfigApplicationContext - Refreshing org.springframework.context.annotation.AnnotationConfigApplicationContext@410f53b2: startup date [Thu Dec 12 14:40:26 CST 2019]; parent: org.springframework.web.context.support.GenericWebApplicationContext@1ee27d73 
14:40:26.092 [main] INFO  o.s.b.f.a.AutowiredAnnotationBeanPostProcessor - JSR-330 'javax.inject.Inject' annotation found and supported for autowiring 
14:40:26.555 [main] INFO  o.s.s.c.ThreadPoolTaskExecutor - Initializing ExecutorService  
14:40:26.566 [main] INFO  o.s.s.c.ThreadPoolTaskExecutor - Initializing ExecutorService  'AsyncTest' 
14:40:27.357 [main] WARN  c.n.c.s.URLConfigurationSource - No URLs will be polled as dynamic configuration sources. 
14:40:27.358 [main] INFO  c.n.c.s.URLConfigurationSource - To enable URLs as dynamic configuration sources, define System property archaius.configurationSource.additionalUrls or make config.properties available on classpath. 
14:40:27.366 [main] WARN  c.n.c.s.URLConfigurationSource - No URLs will be polled as dynamic configuration sources. 
14:40:27.366 [main] INFO  c.n.c.s.URLConfigurationSource - To enable URLs as dynamic configuration sources, define System property archaius.configurationSource.additionalUrls or make config.properties available on classpath. 
14:40:27.582 [main] INFO  o.s.w.s.m.m.a.RequestMappingHandlerAdapter - Looking for @ControllerAdvice: org.springframework.web.context.support.GenericWebApplicationContext@1ee27d73: startup date [Thu Dec 12 14:40:23 CST 2019]; parent: org.springframework.context.annotation.AnnotationConfigApplicationContext@5a37d3ed 
14:40:27.747 [main] INFO  o.s.w.s.m.m.a.RequestMappingHandlerMapping - Mapped "{[/client/test],methods=[GET]}" onto public java.lang.String com.example.mybatisplus.controller.ClientTestController.test() 
14:40:27.749 [main] INFO  o.s.w.s.m.m.a.RequestMappingHandlerMapping - Mapped "{[/client/selectUsers]}" onto public com.kingxunlian.common.XLBaseResponse<java.util.List<com.example.mybatisplus.client.entity.User>> com.example.mybatisplus.controller.ClientTestController.selectUsers() 
14:40:27.749 [main] INFO  o.s.w.s.m.m.a.RequestMappingHandlerMapping - Mapped "{[/client/testAsync],methods=[GET]}" onto public com.kingxunlian.common.XLBaseResponse<java.lang.String> com.example.mybatisplus.controller.ClientTestController.testAsync() 
14:40:27.749 [main] INFO  o.s.w.s.m.m.a.RequestMappingHandlerMapping - Mapped "{[/client/getUser]}" onto public com.kingxunlian.common.XLBaseResponse<java.lang.String> com.example.mybatisplus.controller.ClientTestController.getUSer() 
14:40:27.750 [main] INFO  o.s.w.s.m.m.a.RequestMappingHandlerMapping - Mapped "{[/output/user/getUsers],methods=[POST]}" onto public abstract java.lang.String com.example.mybatisplus.feign.ClientTestFeign.getUser() 
14:40:27.753 [main] INFO  o.s.w.s.m.m.a.RequestMappingHandlerMapping - Mapped "{[/error]}" onto public org.springframework.http.ResponseEntity<java.util.Map<java.lang.String, java.lang.Object>> org.springframework.boot.autoconfigure.web.BasicErrorController.error(javax.servlet.http.HttpServletRequest) 
14:40:27.753 [main] INFO  o.s.w.s.m.m.a.RequestMappingHandlerMapping - Mapped "{[/error],produces=[text/html]}" onto public org.springframework.web.servlet.ModelAndView org.springframework.boot.autoconfigure.web.BasicErrorController.errorHtml(javax.servlet.http.HttpServletRequest,javax.servlet.http.HttpServletResponse) 
14:40:27.806 [main] INFO  o.s.w.s.h.SimpleUrlHandlerMapping - Mapped URL path [/webjars/**] onto handler of type [class org.springframework.web.servlet.resource.ResourceHttpRequestHandler] 
14:40:27.806 [main] INFO  o.s.w.s.h.SimpleUrlHandlerMapping - Mapped URL path [/**] onto handler of type [class org.springframework.web.servlet.resource.ResourceHttpRequestHandler] 
14:40:27.873 [main] INFO  o.s.w.s.h.SimpleUrlHandlerMapping - Mapped URL path [/**/favicon.ico] onto handler of type [class org.springframework.web.servlet.resource.ResourceHttpRequestHandler] 
14:40:28.878 [main] INFO  o.s.b.a.e.m.EndpointHandlerMapping - Mapped "{[/resume || /resume.json],methods=[POST]}" onto public java.lang.Object org.springframework.cloud.endpoint.GenericPostableMvcEndpoint.invoke() 
14:40:28.879 [main] INFO  o.s.b.a.e.m.EndpointHandlerMapping - Mapped "{[/heapdump || /heapdump.json],methods=[GET],produces=[application/octet-stream]}" onto public void org.springframework.boot.actuate.endpoint.mvc.HeapdumpMvcEndpoint.invoke(boolean,javax.servlet.http.HttpServletRequest,javax.servlet.http.HttpServletResponse) throws java.io.IOException,javax.servlet.ServletException 
14:40:28.880 [main] INFO  o.s.b.a.e.m.EndpointHandlerMapping - Mapped "{[/refresh || /refresh.json],methods=[POST]}" onto public java.lang.Object org.springframework.cloud.endpoint.GenericPostableMvcEndpoint.invoke() 
14:40:28.881 [main] INFO  o.s.b.a.e.m.EndpointHandlerMapping - Mapped "{[/auditevents || /auditevents.json],methods=[GET],produces=[application/vnd.spring-boot.actuator.v1+json || application/json]}" onto public org.springframework.http.ResponseEntity<?> org.springframework.boot.actuate.endpoint.mvc.AuditEventsMvcEndpoint.findByPrincipalAndAfterAndType(java.lang.String,java.util.Date,java.lang.String) 
14:40:28.881 [main] INFO  o.s.b.a.e.m.EndpointHandlerMapping - Mapped "{[/env],methods=[POST]}" onto public java.lang.Object org.springframework.cloud.context.environment.EnvironmentManagerMvcEndpoint.value(java.util.Map<java.lang.String, java.lang.String>) 
14:40:28.882 [main] INFO  o.s.b.a.e.m.EndpointHandlerMapping - Mapped "{[/env/reset],methods=[POST]}" onto public java.util.Map<java.lang.String, java.lang.Object> org.springframework.cloud.context.environment.EnvironmentManagerMvcEndpoint.reset() 
14:40:28.884 [main] INFO  o.s.b.a.e.m.EndpointHandlerMapping - Mapped "{[/loggers/{name:.*}],methods=[GET],produces=[application/vnd.spring-boot.actuator.v1+json || application/json]}" onto public java.lang.Object org.springframework.boot.actuate.endpoint.mvc.LoggersMvcEndpoint.get(java.lang.String) 
14:40:28.884 [main] INFO  o.s.b.a.e.m.EndpointHandlerMapping - Mapped "{[/loggers/{name:.*}],methods=[POST],consumes=[application/vnd.spring-boot.actuator.v1+json || application/json],produces=[application/vnd.spring-boot.actuator.v1+json || application/json]}" onto public java.lang.Object org.springframework.boot.actuate.endpoint.mvc.LoggersMvcEndpoint.set(java.lang.String,java.util.Map<java.lang.String, java.lang.String>) 
14:40:28.884 [main] INFO  o.s.b.a.e.m.EndpointHandlerMapping - Mapped "{[/loggers || /loggers.json],methods=[GET],produces=[application/vnd.spring-boot.actuator.v1+json || application/json]}" onto public java.lang.Object org.springframework.boot.actuate.endpoint.mvc.EndpointMvcAdapter.invoke() 
14:40:28.885 [main] INFO  o.s.b.a.e.m.EndpointHandlerMapping - Mapped "{[/autoconfig || /autoconfig.json],methods=[GET],produces=[application/vnd.spring-boot.actuator.v1+json || application/json]}" onto public java.lang.Object org.springframework.boot.actuate.endpoint.mvc.EndpointMvcAdapter.invoke() 
14:40:28.886 [main] INFO  o.s.b.a.e.m.EndpointHandlerMapping - Mapped "{[/features || /features.json],methods=[GET],produces=[application/vnd.spring-boot.actuator.v1+json || application/json]}" onto public java.lang.Object org.springframework.boot.actuate.endpoint.mvc.EndpointMvcAdapter.invoke() 
14:40:28.887 [main] INFO  o.s.b.a.e.m.EndpointHandlerMapping - Mapped "{[/pause || /pause.json],methods=[POST]}" onto public java.lang.Object org.springframework.cloud.endpoint.GenericPostableMvcEndpoint.invoke() 
14:40:28.888 [main] INFO  o.s.b.a.e.m.EndpointHandlerMapping - Mapped "{[/dump || /dump.json],methods=[GET],produces=[application/vnd.spring-boot.actuator.v1+json || application/json]}" onto public java.lang.Object org.springframework.boot.actuate.endpoint.mvc.EndpointMvcAdapter.invoke() 
14:40:28.889 [main] INFO  o.s.b.a.e.m.EndpointHandlerMapping - Mapped "{[/configprops || /configprops.json],methods=[GET],produces=[application/vnd.spring-boot.actuator.v1+json || application/json]}" onto public java.lang.Object org.springframework.boot.actuate.endpoint.mvc.EndpointMvcAdapter.invoke() 
14:40:28.890 [main] INFO  o.s.b.a.e.m.EndpointHandlerMapping - Mapped "{[/metrics/{name:.*}],methods=[GET],produces=[application/vnd.spring-boot.actuator.v1+json || application/json]}" onto public java.lang.Object org.springframework.boot.actuate.endpoint.mvc.MetricsMvcEndpoint.value(java.lang.String) 
14:40:28.890 [main] INFO  o.s.b.a.e.m.EndpointHandlerMapping - Mapped "{[/metrics || /metrics.json],methods=[GET],produces=[application/vnd.spring-boot.actuator.v1+json || application/json]}" onto public java.lang.Object org.springframework.boot.actuate.endpoint.mvc.EndpointMvcAdapter.invoke() 
14:40:28.891 [main] INFO  o.s.b.a.e.m.EndpointHandlerMapping - Mapped "{[/beans || /beans.json],methods=[GET],produces=[application/vnd.spring-boot.actuator.v1+json || application/json]}" onto public java.lang.Object org.springframework.boot.actuate.endpoint.mvc.EndpointMvcAdapter.invoke() 
14:40:28.891 [main] INFO  o.s.b.a.e.m.EndpointHandlerMapping - Mapped "{[/archaius || /archaius.json],methods=[GET],produces=[application/vnd.spring-boot.actuator.v1+json || application/json]}" onto public java.lang.Object org.springframework.boot.actuate.endpoint.mvc.EndpointMvcAdapter.invoke() 
14:40:28.892 [main] INFO  o.s.b.a.e.m.EndpointHandlerMapping - Mapped "{[/trace || /trace.json],methods=[GET],produces=[application/vnd.spring-boot.actuator.v1+json || application/json]}" onto public java.lang.Object org.springframework.boot.actuate.endpoint.mvc.EndpointMvcAdapter.invoke() 
14:40:28.892 [main] INFO  o.s.b.a.e.m.EndpointHandlerMapping - Mapped "{[/health || /health.json],methods=[GET],produces=[application/vnd.spring-boot.actuator.v1+json || application/json]}" onto public java.lang.Object org.springframework.boot.actuate.endpoint.mvc.HealthMvcEndpoint.invoke(javax.servlet.http.HttpServletRequest,java.security.Principal) 
14:40:28.893 [main] INFO  o.s.b.a.e.m.EndpointHandlerMapping - Mapped "{[/restart || /restart.json],methods=[POST]}" onto public java.lang.Object org.springframework.cloud.context.restart.RestartMvcEndpoint.invoke() 
14:40:28.894 [main] INFO  o.s.b.a.e.m.EndpointHandlerMapping - Mapped "{[/mappings || /mappings.json],methods=[GET],produces=[application/vnd.spring-boot.actuator.v1+json || application/json]}" onto public java.lang.Object org.springframework.boot.actuate.endpoint.mvc.EndpointMvcAdapter.invoke() 
14:40:28.894 [main] INFO  o.s.b.a.e.m.EndpointHandlerMapping - Mapped "{[/info || /info.json],methods=[GET],produces=[application/vnd.spring-boot.actuator.v1+json || application/json]}" onto public java.lang.Object org.springframework.boot.actuate.endpoint.mvc.EndpointMvcAdapter.invoke() 
14:40:28.895 [main] INFO  o.s.b.a.e.m.EndpointHandlerMapping - Mapped "{[/env/{name:.*}],methods=[GET],produces=[application/vnd.spring-boot.actuator.v1+json || application/json]}" onto public java.lang.Object org.springframework.boot.actuate.endpoint.mvc.EnvironmentMvcEndpoint.value(java.lang.String) 
14:40:28.895 [main] INFO  o.s.b.a.e.m.EndpointHandlerMapping - Mapped "{[/env || /env.json],methods=[GET],produces=[application/vnd.spring-boot.actuator.v1+json || application/json]}" onto public java.lang.Object org.springframework.boot.actuate.endpoint.mvc.EndpointMvcAdapter.invoke() 
14:40:28.896 [main] INFO  o.s.b.a.e.m.EndpointHandlerMapping - Mapped "{[/service-registry/instance-status],methods=[GET]}" onto public org.springframework.http.ResponseEntity org.springframework.cloud.client.serviceregistry.endpoint.ServiceRegistryEndpoint.getStatus() 
14:40:28.896 [main] INFO  o.s.b.a.e.m.EndpointHandlerMapping - Mapped "{[/service-registry/instance-status],methods=[POST]}" onto public org.springframework.http.ResponseEntity<?> org.springframework.cloud.client.serviceregistry.endpoint.ServiceRegistryEndpoint.setStatus(java.lang.String) 
14:40:29.306 [main] INFO  c.netflix.discovery.DiscoveryClient - Shutting down DiscoveryClient ... 
14:40:29.315 [main] INFO  c.netflix.discovery.DiscoveryClient - Completed shut down of DiscoveryClient 
14:40:29.834 [main] INFO  o.s.c.s.DefaultLifecycleProcessor - Starting beans in phase 0 
14:40:29.842 [main] INFO  o.s.c.n.eureka.InstanceInfoFactory - Setting initial instance status as: STARTING 
14:40:29.857 [main] INFO  c.netflix.discovery.DiscoveryClient - Initializing Eureka in region us-east-1 
14:40:29.858 [main] INFO  c.n.d.p.DiscoveryJerseyProvider - Using JSON encoding codec LegacyJacksonJson 
14:40:29.859 [main] INFO  c.n.d.p.DiscoveryJerseyProvider - Using JSON decoding codec LegacyJacksonJson 
14:40:29.859 [main] INFO  c.n.d.p.DiscoveryJerseyProvider - Using XML encoding codec XStreamXml 
14:40:29.859 [main] INFO  c.n.d.p.DiscoveryJerseyProvider - Using XML decoding codec XStreamXml 
14:40:29.977 [main] INFO  c.n.d.s.r.aws.ConfigClusterResolver - Resolving eureka endpoints via configuration 
14:40:29.979 [main] INFO  c.netflix.discovery.DiscoveryClient - Disable delta property : false 
14:40:29.980 [main] INFO  c.netflix.discovery.DiscoveryClient - Single vip registry refresh property : null 
14:40:29.980 [main] INFO  c.netflix.discovery.DiscoveryClient - Force full registry fetch : false 
14:40:29.980 [main] INFO  c.netflix.discovery.DiscoveryClient - Application is null : false 
14:40:29.980 [main] INFO  c.netflix.discovery.DiscoveryClient - Registered Applications size is zero : true 
14:40:29.981 [main] INFO  c.netflix.discovery.DiscoveryClient - Application version is -1: true 
14:40:29.981 [main] INFO  c.netflix.discovery.DiscoveryClient - Getting all instance registry info from the eureka server 
14:40:29.984 [main] INFO  c.netflix.discovery.DiscoveryClient - The response status is 200 
14:40:29.984 [main] INFO  c.netflix.discovery.DiscoveryClient - Starting heartbeat executor: renew interval is: 30 
14:40:29.984 [main] INFO  c.n.d.InstanceInfoReplicator - InstanceInfoReplicator onDemand update allowed rate per min is 4 
14:40:29.984 [main] INFO  c.netflix.discovery.DiscoveryClient - Discovery Client initialized at timestamp 1576132829984 with initial instances count: 3 
14:40:30.043 [main] INFO  o.s.c.n.e.s.EurekaServiceRegistry - Registering application client with eureka with status UP 
14:40:30.043 [main] INFO  c.netflix.discovery.DiscoveryClient - Saw local status change event StatusChangeEvent [timestamp=1576132830043, current=UP, previous=STARTING] 
14:40:30.046 [DiscoveryClient-InstanceInfoReplicator-0] INFO  c.netflix.discovery.DiscoveryClient - DiscoveryClient_CLIENT/172.20.16.183:8989: registering service... 
14:40:30.095 [DiscoveryClient-InstanceInfoReplicator-0] INFO  c.netflix.discovery.DiscoveryClient - DiscoveryClient_CLIENT/172.20.16.183:8989 - registration status: 204 
14:40:30.116 [main] INFO  com.example.mybatisplus.LanmdaTest - Started LanmdaTest in 11.992 seconds (JVM running for 12.876) 
14:40:30.548 [Thread-6] INFO  o.s.w.c.s.GenericWebApplicationContext - Closing org.springframework.web.context.support.GenericWebApplicationContext@1ee27d73: startup date [Thu Dec 12 14:40:23 CST 2019]; parent: org.springframework.context.annotation.AnnotationConfigApplicationContext@5a37d3ed 
14:40:30.550 [Thread-6] INFO  o.s.c.n.e.s.EurekaServiceRegistry - Unregistering application client with eureka with status DOWN 
14:40:30.550 [Thread-6] WARN  c.netflix.discovery.DiscoveryClient - Saw local status change event StatusChangeEvent [timestamp=1576132830550, current=DOWN, previous=UP] 
14:40:30.550 [Thread-6] INFO  c.netflix.discovery.DiscoveryClient - Shutting down DiscoveryClient ... 
14:40:30.550 [DiscoveryClient-InstanceInfoReplicator-0] INFO  c.netflix.discovery.DiscoveryClient - DiscoveryClient_CLIENT/172.20.16.183:8989: registering service... 
14:40:30.551 [Thread-6] INFO  c.netflix.discovery.DiscoveryClient - Unregistering ... 
14:40:30.556 [Thread-6] INFO  c.netflix.discovery.DiscoveryClient - DiscoveryClient_CLIENT/172.20.16.183:8989 - deregister  status: 200 
14:40:30.557 [DiscoveryClient-InstanceInfoReplicator-0] INFO  c.netflix.discovery.DiscoveryClient - DiscoveryClient_CLIENT/172.20.16.183:8989 - registration status: 204 
14:40:30.566 [Thread-6] INFO  c.netflix.discovery.DiscoveryClient - Completed shut down of DiscoveryClient 
14:40:30.571 [Thread-6] INFO  o.s.c.s.DefaultLifecycleProcessor - Stopping beans in phase 0 
14:40:30.575 [Thread-6] INFO  o.s.s.c.ThreadPoolTaskExecutor - Shutting down ExecutorService 'AsyncTest' 
14:40:30.576 [Thread-6] INFO  o.s.c.a.AnnotationConfigApplicationContext - Closing org.springframework.context.annotation.AnnotationConfigApplicationContext@410f53b2: startup date [Thu Dec 12 14:40:26 CST 2019]; parent: org.springframework.web.context.support.GenericWebApplicationContext@1ee27d73 
14:40:30.580 [Thread-6] WARN  o.s.c.a.AnnotationConfigApplicationContext - Exception thrown from ApplicationListener handling ContextClosedEvent 
org.springframework.beans.factory.BeanCreationNotAllowedException: Error creating bean with name 'eurekaAutoServiceRegistration': Singleton bean creation not allowed while singletons of this factory are in destruction (Do not request a bean from a BeanFactory in a destroy method implementation!)
	at org.springframework.beans.factory.support.DefaultSingletonBeanRegistry.getSingleton(DefaultSingletonBeanRegistry.java:216)
	at org.springframework.beans.factory.support.AbstractBeanFactory.doGetBean(AbstractBeanFactory.java:302)
	at org.springframework.beans.factory.support.AbstractBeanFactory.getBean(AbstractBeanFactory.java:197)
	at org.springframework.context.support.AbstractApplicationContext.getBean(AbstractApplicationContext.java:1078)
	at org.springframework.context.event.ApplicationListenerMethodAdapter.getTargetBean(ApplicationListenerMethodAdapter.java:283)
	at org.springframework.context.event.ApplicationListenerMethodAdapter.doInvoke(ApplicationListenerMethodAdapter.java:253)
	at org.springframework.context.event.ApplicationListenerMethodAdapter.processEvent(ApplicationListenerMethodAdapter.java:177)
	at org.springframework.context.event.ApplicationListenerMethodAdapter.onApplicationEvent(ApplicationListenerMethodAdapter.java:140)
	at org.springframework.context.event.SimpleApplicationEventMulticaster.invokeListener(SimpleApplicationEventMulticaster.java:167)
	at org.springframework.context.event.SimpleApplicationEventMulticaster.multicastEvent(SimpleApplicationEventMulticaster.java:139)
	at org.springframework.context.support.AbstractApplicationContext.publishEvent(AbstractApplicationContext.java:393)
	at org.springframework.context.support.AbstractApplicationContext.publishEvent(AbstractApplicationContext.java:399)
	at org.springframework.context.support.AbstractApplicationContext.publishEvent(AbstractApplicationContext.java:347)
	at org.springframework.context.support.AbstractApplicationContext.doClose(AbstractApplicationContext.java:991)
	at org.springframework.context.support.AbstractApplicationContext.close(AbstractApplicationContext.java:958)
	at org.springframework.cloud.context.named.NamedContextFactory.destroy(NamedContextFactory.java:76)
	at org.springframework.beans.factory.support.DisposableBeanAdapter.destroy(DisposableBeanAdapter.java:272)
	at org.springframework.beans.factory.support.DefaultSingletonBeanRegistry.destroyBean(DefaultSingletonBeanRegistry.java:578)
	at org.springframework.beans.factory.support.DefaultSingletonBeanRegistry.destroySingleton(DefaultSingletonBeanRegistry.java:554)
	at org.springframework.beans.factory.support.DefaultListableBeanFactory.destroySingleton(DefaultListableBeanFactory.java:961)
	at org.springframework.beans.factory.support.DefaultSingletonBeanRegistry.destroySingletons(DefaultSingletonBeanRegistry.java:523)
	at org.springframework.beans.factory.support.FactoryBeanRegistrySupport.destroySingletons(FactoryBeanRegistrySupport.java:230)
	at org.springframework.beans.factory.support.DefaultListableBeanFactory.destroySingletons(DefaultListableBeanFactory.java:968)
	at org.springframework.context.support.AbstractApplicationContext.destroyBeans(AbstractApplicationContext.java:1030)
	at org.springframework.context.support.AbstractApplicationContext.doClose(AbstractApplicationContext.java:1006)
	at org.springframework.context.support.AbstractApplicationContext$2.run(AbstractApplicationContext.java:929)
14:40:30.584 [Thread-6] INFO  c.a.druid.pool.DruidDataSource - {dataSource-1} closed 
14:44:35.111 [main] INFO  o.s.c.a.AnnotationConfigApplicationContext - Refreshing org.springframework.context.annotation.AnnotationConfigApplicationContext@4a3631f8: startup date [Thu Dec 12 14:44:35 CST 2019]; root of context hierarchy 
14:44:35.440 [main] INFO  o.s.b.f.a.AutowiredAnnotationBeanPostProcessor - JSR-330 'javax.inject.Inject' annotation found and supported for autowiring 
14:44:35.441 [background-preinit] INFO  o.h.validator.internal.util.Version - HV000001: Hibernate Validator 5.3.5.Final 
14:44:35.473 [main] INFO  o.s.c.s.PostProcessorRegistrationDelegate$BeanPostProcessorChecker - Bean 'configurationPropertiesRebinderAutoConfiguration' of type [org.springframework.cloud.autoconfigure.ConfigurationPropertiesRebinderAutoConfiguration$$EnhancerBySpringCGLIB$$9dfa06c7] is not eligible for getting processed by all BeanPostProcessors (for example: not eligible for auto-proxying) 
14:44:35.929 [main] INFO  o.s.c.n.eureka.InstanceInfoFactory - Setting initial instance status as: STARTING 
14:44:36.000 [main] INFO  c.netflix.discovery.DiscoveryClient - Initializing Eureka in region us-east-1 
14:44:36.501 [main] INFO  c.n.d.p.DiscoveryJerseyProvider - Using JSON encoding codec LegacyJacksonJson 
14:44:36.501 [main] INFO  c.n.d.p.DiscoveryJerseyProvider - Using JSON decoding codec LegacyJacksonJson 
14:44:36.694 [main] INFO  c.n.d.p.DiscoveryJerseyProvider - Using XML encoding codec XStreamXml 
14:44:36.694 [main] INFO  c.n.d.p.DiscoveryJerseyProvider - Using XML decoding codec XStreamXml 
14:44:36.934 [main] INFO  c.n.d.s.r.aws.ConfigClusterResolver - Resolving eureka endpoints via configuration 
14:44:37.108 [main] INFO  c.netflix.discovery.DiscoveryClient - Disable delta property : false 
14:44:37.108 [main] INFO  c.netflix.discovery.DiscoveryClient - Single vip registry refresh property : null 
14:44:37.108 [main] INFO  c.netflix.discovery.DiscoveryClient - Force full registry fetch : false 
14:44:37.108 [main] INFO  c.netflix.discovery.DiscoveryClient - Application is null : false 
14:44:37.108 [main] INFO  c.netflix.discovery.DiscoveryClient - Registered Applications size is zero : true 
14:44:37.108 [main] INFO  c.netflix.discovery.DiscoveryClient - Application version is -1: true 
14:44:37.108 [main] INFO  c.netflix.discovery.DiscoveryClient - Getting all instance registry info from the eureka server 
14:44:37.290 [main] INFO  c.netflix.discovery.DiscoveryClient - The response status is 200 
14:44:37.292 [main] INFO  c.netflix.discovery.DiscoveryClient - Not registering with Eureka server per configuration 
14:44:37.295 [main] INFO  c.netflix.discovery.DiscoveryClient - Discovery Client initialized at timestamp 1576133077295 with initial instances count: 3 
14:44:37.737 [main] INFO  o.s.c.c.c.ConfigServicePropertySourceLocator - Fetching config from server at: http://172.20.16.183:7979/ 
14:44:39.216 [main] INFO  o.s.c.c.c.ConfigServicePropertySourceLocator - Located environment: name=application-config, profiles=[test], label=master, version=a2c822efeb2dd4f6b7cb567653f9e68d9a640cc2, state=null 
14:44:39.216 [main] INFO  o.s.c.b.c.PropertySourceBootstrapConfiguration - Located property source: CompositePropertySource [name='configService', propertySources=[MapPropertySource [name='configClient'], MapPropertySource [name='https://github.com/mambolls/config.git/application-config-test.yml']]] 
14:44:39.216 [main] INFO  com.example.mybatisplus.LanmdaTest - No active profile set, falling back to default profiles: default 
14:44:39.233 [main] INFO  o.s.w.c.s.GenericWebApplicationContext - Refreshing org.springframework.web.context.support.GenericWebApplicationContext@4e83a98: startup date [Thu Dec 12 14:44:39 CST 2019]; parent: org.springframework.context.annotation.AnnotationConfigApplicationContext@4a3631f8 
14:44:40.015 [main] INFO  o.s.b.f.xml.XmlBeanDefinitionReader - Loading XML bean definitions from class path resource [META-INF/cxf/cxf.xml] 
14:44:40.386 [main] INFO  o.s.c.context.scope.GenericScope - BeanFactory id=33375d0f-d64b-3456-91c8-fba89b80669b 
14:44:40.474 [main] INFO  o.s.b.f.a.AutowiredAnnotationBeanPostProcessor - JSR-330 'javax.inject.Inject' annotation found and supported for autowiring 
14:44:40.620 [main] INFO  o.s.c.s.PostProcessorRegistrationDelegate$BeanPostProcessorChecker - Bean 'org.springframework.transaction.annotation.ProxyTransactionManagementConfiguration' of type [org.springframework.transaction.annotation.ProxyTransactionManagementConfiguration$$EnhancerBySpringCGLIB$$81e003ca] is not eligible for getting processed by all BeanPostProcessors (for example: not eligible for auto-proxying) 
14:44:40.711 [main] INFO  o.s.c.s.PostProcessorRegistrationDelegate$BeanPostProcessorChecker - Bean 'org.springframework.cloud.netflix.metrics.MetricsInterceptorConfiguration$MetricsRestTemplateConfiguration' of type [org.springframework.cloud.netflix.metrics.MetricsInterceptorConfiguration$MetricsRestTemplateConfiguration$$EnhancerBySpringCGLIB$$b40caa0b] is not eligible for getting processed by all BeanPostProcessors (for example: not eligible for auto-proxying) 
14:44:40.737 [main] INFO  o.s.c.s.PostProcessorRegistrationDelegate$BeanPostProcessorChecker - Bean 'org.springframework.cloud.autoconfigure.ConfigurationPropertiesRebinderAutoConfiguration' of type [org.springframework.cloud.autoconfigure.ConfigurationPropertiesRebinderAutoConfiguration$$EnhancerBySpringCGLIB$$9dfa06c7] is not eligible for getting processed by all BeanPostProcessors (for example: not eligible for auto-proxying) 
14:44:40.891 [main] INFO  c.a.d.s.b.a.DruidDataSourceAutoConfigure - Init DruidDataSource 
14:44:41.162 [main] INFO  c.a.druid.pool.DruidDataSource - {dataSource-1} inited 
14:44:41.585 [main] INFO  o.s.c.a.AnnotationConfigApplicationContext - Refreshing org.springframework.context.annotation.AnnotationConfigApplicationContext@4b9fa2f: startup date [Thu Dec 12 14:44:41 CST 2019]; parent: org.springframework.web.context.support.GenericWebApplicationContext@4e83a98 
14:44:41.603 [main] INFO  o.s.b.f.a.AutowiredAnnotationBeanPostProcessor - JSR-330 'javax.inject.Inject' annotation found and supported for autowiring 
14:44:41.950 [main] INFO  o.s.s.c.ThreadPoolTaskExecutor - Initializing ExecutorService  
14:44:41.958 [main] INFO  o.s.s.c.ThreadPoolTaskExecutor - Initializing ExecutorService  'AsyncTest' 
14:44:42.694 [main] WARN  c.n.c.s.URLConfigurationSource - No URLs will be polled as dynamic configuration sources. 
14:44:42.694 [main] INFO  c.n.c.s.URLConfigurationSource - To enable URLs as dynamic configuration sources, define System property archaius.configurationSource.additionalUrls or make config.properties available on classpath. 
14:44:42.710 [main] WARN  c.n.c.s.URLConfigurationSource - No URLs will be polled as dynamic configuration sources. 
14:44:42.710 [main] INFO  c.n.c.s.URLConfigurationSource - To enable URLs as dynamic configuration sources, define System property archaius.configurationSource.additionalUrls or make config.properties available on classpath. 
14:44:42.903 [main] INFO  o.s.w.s.m.m.a.RequestMappingHandlerAdapter - Looking for @ControllerAdvice: org.springframework.web.context.support.GenericWebApplicationContext@4e83a98: startup date [Thu Dec 12 14:44:39 CST 2019]; parent: org.springframework.context.annotation.AnnotationConfigApplicationContext@4a3631f8 
14:44:43.048 [main] INFO  o.s.w.s.m.m.a.RequestMappingHandlerMapping - Mapped "{[/client/test],methods=[GET]}" onto public java.lang.String com.example.mybatisplus.controller.ClientTestController.test() 
14:44:43.049 [main] INFO  o.s.w.s.m.m.a.RequestMappingHandlerMapping - Mapped "{[/client/getUser]}" onto public com.kingxunlian.common.XLBaseResponse<java.lang.String> com.example.mybatisplus.controller.ClientTestController.getUSer() 
14:44:43.049 [main] INFO  o.s.w.s.m.m.a.RequestMappingHandlerMapping - Mapped "{[/client/selectUsers]}" onto public com.kingxunlian.common.XLBaseResponse<java.util.List<com.example.mybatisplus.client.entity.User>> com.example.mybatisplus.controller.ClientTestController.selectUsers() 
14:44:43.050 [main] INFO  o.s.w.s.m.m.a.RequestMappingHandlerMapping - Mapped "{[/client/testAsync],methods=[GET]}" onto public com.kingxunlian.common.XLBaseResponse<java.lang.String> com.example.mybatisplus.controller.ClientTestController.testAsync() 
14:44:43.051 [main] INFO  o.s.w.s.m.m.a.RequestMappingHandlerMapping - Mapped "{[/output/user/getUsers],methods=[POST]}" onto public abstract java.lang.String com.example.mybatisplus.feign.ClientTestFeign.getUser() 
14:44:43.053 [main] INFO  o.s.w.s.m.m.a.RequestMappingHandlerMapping - Mapped "{[/error]}" onto public org.springframework.http.ResponseEntity<java.util.Map<java.lang.String, java.lang.Object>> org.springframework.boot.autoconfigure.web.BasicErrorController.error(javax.servlet.http.HttpServletRequest) 
14:44:43.053 [main] INFO  o.s.w.s.m.m.a.RequestMappingHandlerMapping - Mapped "{[/error],produces=[text/html]}" onto public org.springframework.web.servlet.ModelAndView org.springframework.boot.autoconfigure.web.BasicErrorController.errorHtml(javax.servlet.http.HttpServletRequest,javax.servlet.http.HttpServletResponse) 
14:44:43.147 [main] INFO  o.s.w.s.h.SimpleUrlHandlerMapping - Mapped URL path [/webjars/**] onto handler of type [class org.springframework.web.servlet.resource.ResourceHttpRequestHandler] 
14:44:43.147 [main] INFO  o.s.w.s.h.SimpleUrlHandlerMapping - Mapped URL path [/**] onto handler of type [class org.springframework.web.servlet.resource.ResourceHttpRequestHandler] 
14:44:43.285 [main] INFO  o.s.w.s.h.SimpleUrlHandlerMapping - Mapped URL path [/**/favicon.ico] onto handler of type [class org.springframework.web.servlet.resource.ResourceHttpRequestHandler] 
14:44:44.379 [main] INFO  o.s.b.a.e.m.EndpointHandlerMapping - Mapped "{[/restart || /restart.json],methods=[POST]}" onto public java.lang.Object org.springframework.cloud.context.restart.RestartMvcEndpoint.invoke() 
14:44:44.380 [main] INFO  o.s.b.a.e.m.EndpointHandlerMapping - Mapped "{[/service-registry/instance-status],methods=[GET]}" onto public org.springframework.http.ResponseEntity org.springframework.cloud.client.serviceregistry.endpoint.ServiceRegistryEndpoint.getStatus() 
14:44:44.380 [main] INFO  o.s.b.a.e.m.EndpointHandlerMapping - Mapped "{[/service-registry/instance-status],methods=[POST]}" onto public org.springframework.http.ResponseEntity<?> org.springframework.cloud.client.serviceregistry.endpoint.ServiceRegistryEndpoint.setStatus(java.lang.String) 
14:44:44.381 [main] INFO  o.s.b.a.e.m.EndpointHandlerMapping - Mapped "{[/mappings || /mappings.json],methods=[GET],produces=[application/vnd.spring-boot.actuator.v1+json || application/json]}" onto public java.lang.Object org.springframework.boot.actuate.endpoint.mvc.EndpointMvcAdapter.invoke() 
14:44:44.382 [main] INFO  o.s.b.a.e.m.EndpointHandlerMapping - Mapped "{[/metrics/{name:.*}],methods=[GET],produces=[application/vnd.spring-boot.actuator.v1+json || application/json]}" onto public java.lang.Object org.springframework.boot.actuate.endpoint.mvc.MetricsMvcEndpoint.value(java.lang.String) 
14:44:44.383 [main] INFO  o.s.b.a.e.m.EndpointHandlerMapping - Mapped "{[/metrics || /metrics.json],methods=[GET],produces=[application/vnd.spring-boot.actuator.v1+json || application/json]}" onto public java.lang.Object org.springframework.boot.actuate.endpoint.mvc.EndpointMvcAdapter.invoke() 
14:44:44.383 [main] INFO  o.s.b.a.e.m.EndpointHandlerMapping - Mapped "{[/archaius || /archaius.json],methods=[GET],produces=[application/vnd.spring-boot.actuator.v1+json || application/json]}" onto public java.lang.Object org.springframework.boot.actuate.endpoint.mvc.EndpointMvcAdapter.invoke() 
14:44:44.384 [main] INFO  o.s.b.a.e.m.EndpointHandlerMapping - Mapped "{[/features || /features.json],methods=[GET],produces=[application/vnd.spring-boot.actuator.v1+json || application/json]}" onto public java.lang.Object org.springframework.boot.actuate.endpoint.mvc.EndpointMvcAdapter.invoke() 
14:44:44.385 [main] INFO  o.s.b.a.e.m.EndpointHandlerMapping - Mapped "{[/refresh || /refresh.json],methods=[POST]}" onto public java.lang.Object org.springframework.cloud.endpoint.GenericPostableMvcEndpoint.invoke() 
14:44:44.386 [main] INFO  o.s.b.a.e.m.EndpointHandlerMapping - Mapped "{[/resume || /resume.json],methods=[POST]}" onto public java.lang.Object org.springframework.cloud.endpoint.GenericPostableMvcEndpoint.invoke() 
14:44:44.387 [main] INFO  o.s.b.a.e.m.EndpointHandlerMapping - Mapped "{[/health || /health.json],methods=[GET],produces=[application/vnd.spring-boot.actuator.v1+json || application/json]}" onto public java.lang.Object org.springframework.boot.actuate.endpoint.mvc.HealthMvcEndpoint.invoke(javax.servlet.http.HttpServletRequest,java.security.Principal) 
14:44:44.388 [main] INFO  o.s.b.a.e.m.EndpointHandlerMapping - Mapped "{[/autoconfig || /autoconfig.json],methods=[GET],produces=[application/vnd.spring-boot.actuator.v1+json || application/json]}" onto public java.lang.Object org.springframework.boot.actuate.endpoint.mvc.EndpointMvcAdapter.invoke() 
14:44:44.389 [main] INFO  o.s.b.a.e.m.EndpointHandlerMapping - Mapped "{[/auditevents || /auditevents.json],methods=[GET],produces=[application/vnd.spring-boot.actuator.v1+json || application/json]}" onto public org.springframework.http.ResponseEntity<?> org.springframework.boot.actuate.endpoint.mvc.AuditEventsMvcEndpoint.findByPrincipalAndAfterAndType(java.lang.String,java.util.Date,java.lang.String) 
14:44:44.389 [main] INFO  o.s.b.a.e.m.EndpointHandlerMapping - Mapped "{[/beans || /beans.json],methods=[GET],produces=[application/vnd.spring-boot.actuator.v1+json || application/json]}" onto public java.lang.Object org.springframework.boot.actuate.endpoint.mvc.EndpointMvcAdapter.invoke() 
14:44:44.390 [main] INFO  o.s.b.a.e.m.EndpointHandlerMapping - Mapped "{[/dump || /dump.json],methods=[GET],produces=[application/vnd.spring-boot.actuator.v1+json || application/json]}" onto public java.lang.Object org.springframework.boot.actuate.endpoint.mvc.EndpointMvcAdapter.invoke() 
14:44:44.391 [main] INFO  o.s.b.a.e.m.EndpointHandlerMapping - Mapped "{[/pause || /pause.json],methods=[POST]}" onto public java.lang.Object org.springframework.cloud.endpoint.GenericPostableMvcEndpoint.invoke() 
14:44:44.392 [main] INFO  o.s.b.a.e.m.EndpointHandlerMapping - Mapped "{[/info || /info.json],methods=[GET],produces=[application/vnd.spring-boot.actuator.v1+json || application/json]}" onto public java.lang.Object org.springframework.boot.actuate.endpoint.mvc.EndpointMvcAdapter.invoke() 
14:44:44.392 [main] INFO  o.s.b.a.e.m.EndpointHandlerMapping - Mapped "{[/env],methods=[POST]}" onto public java.lang.Object org.springframework.cloud.context.environment.EnvironmentManagerMvcEndpoint.value(java.util.Map<java.lang.String, java.lang.String>) 
14:44:44.392 [main] INFO  o.s.b.a.e.m.EndpointHandlerMapping - Mapped "{[/env/reset],methods=[POST]}" onto public java.util.Map<java.lang.String, java.lang.Object> org.springframework.cloud.context.environment.EnvironmentManagerMvcEndpoint.reset() 
14:44:44.394 [main] INFO  o.s.b.a.e.m.EndpointHandlerMapping - Mapped "{[/loggers/{name:.*}],methods=[GET],produces=[application/vnd.spring-boot.actuator.v1+json || application/json]}" onto public java.lang.Object org.springframework.boot.actuate.endpoint.mvc.LoggersMvcEndpoint.get(java.lang.String) 
14:44:44.395 [main] INFO  o.s.b.a.e.m.EndpointHandlerMapping - Mapped "{[/loggers/{name:.*}],methods=[POST],consumes=[application/vnd.spring-boot.actuator.v1+json || application/json],produces=[application/vnd.spring-boot.actuator.v1+json || application/json]}" onto public java.lang.Object org.springframework.boot.actuate.endpoint.mvc.LoggersMvcEndpoint.set(java.lang.String,java.util.Map<java.lang.String, java.lang.String>) 
14:44:44.395 [main] INFO  o.s.b.a.e.m.EndpointHandlerMapping - Mapped "{[/loggers || /loggers.json],methods=[GET],produces=[application/vnd.spring-boot.actuator.v1+json || application/json]}" onto public java.lang.Object org.springframework.boot.actuate.endpoint.mvc.EndpointMvcAdapter.invoke() 
14:44:44.396 [main] INFO  o.s.b.a.e.m.EndpointHandlerMapping - Mapped "{[/env/{name:.*}],methods=[GET],produces=[application/vnd.spring-boot.actuator.v1+json || application/json]}" onto public java.lang.Object org.springframework.boot.actuate.endpoint.mvc.EnvironmentMvcEndpoint.value(java.lang.String) 
14:44:44.396 [main] INFO  o.s.b.a.e.m.EndpointHandlerMapping - Mapped "{[/env || /env.json],methods=[GET],produces=[application/vnd.spring-boot.actuator.v1+json || application/json]}" onto public java.lang.Object org.springframework.boot.actuate.endpoint.mvc.EndpointMvcAdapter.invoke() 
14:44:44.397 [main] INFO  o.s.b.a.e.m.EndpointHandlerMapping - Mapped "{[/configprops || /configprops.json],methods=[GET],produces=[application/vnd.spring-boot.actuator.v1+json || application/json]}" onto public java.lang.Object org.springframework.boot.actuate.endpoint.mvc.EndpointMvcAdapter.invoke() 
14:44:44.398 [main] INFO  o.s.b.a.e.m.EndpointHandlerMapping - Mapped "{[/heapdump || /heapdump.json],methods=[GET],produces=[application/octet-stream]}" onto public void org.springframework.boot.actuate.endpoint.mvc.HeapdumpMvcEndpoint.invoke(boolean,javax.servlet.http.HttpServletRequest,javax.servlet.http.HttpServletResponse) throws java.io.IOException,javax.servlet.ServletException 
14:44:44.398 [main] INFO  o.s.b.a.e.m.EndpointHandlerMapping - Mapped "{[/trace || /trace.json],methods=[GET],produces=[application/vnd.spring-boot.actuator.v1+json || application/json]}" onto public java.lang.Object org.springframework.boot.actuate.endpoint.mvc.EndpointMvcAdapter.invoke() 
14:44:44.740 [main] INFO  c.netflix.discovery.DiscoveryClient - Shutting down DiscoveryClient ... 
14:44:44.749 [main] INFO  c.netflix.discovery.DiscoveryClient - Completed shut down of DiscoveryClient 
14:44:45.319 [main] INFO  o.s.c.s.DefaultLifecycleProcessor - Starting beans in phase 0 
14:44:45.325 [main] INFO  o.s.c.n.eureka.InstanceInfoFactory - Setting initial instance status as: STARTING 
14:44:45.339 [main] INFO  c.netflix.discovery.DiscoveryClient - Initializing Eureka in region us-east-1 
14:44:45.341 [main] INFO  c.n.d.p.DiscoveryJerseyProvider - Using JSON encoding codec LegacyJacksonJson 
14:44:45.341 [main] INFO  c.n.d.p.DiscoveryJerseyProvider - Using JSON decoding codec LegacyJacksonJson 
14:44:45.341 [main] INFO  c.n.d.p.DiscoveryJerseyProvider - Using XML encoding codec XStreamXml 
14:44:45.341 [main] INFO  c.n.d.p.DiscoveryJerseyProvider - Using XML decoding codec XStreamXml 
14:44:45.431 [main] INFO  c.n.d.s.r.aws.ConfigClusterResolver - Resolving eureka endpoints via configuration 
14:44:45.432 [main] INFO  c.netflix.discovery.DiscoveryClient - Disable delta property : false 
14:44:45.432 [main] INFO  c.netflix.discovery.DiscoveryClient - Single vip registry refresh property : null 
14:44:45.432 [main] INFO  c.netflix.discovery.DiscoveryClient - Force full registry fetch : false 
14:44:45.432 [main] INFO  c.netflix.discovery.DiscoveryClient - Application is null : false 
14:44:45.432 [main] INFO  c.netflix.discovery.DiscoveryClient - Registered Applications size is zero : true 
14:44:45.432 [main] INFO  c.netflix.discovery.DiscoveryClient - Application version is -1: true 
14:44:45.432 [main] INFO  c.netflix.discovery.DiscoveryClient - Getting all instance registry info from the eureka server 
14:44:45.437 [main] INFO  c.netflix.discovery.DiscoveryClient - The response status is 200 
14:44:45.439 [main] INFO  c.netflix.discovery.DiscoveryClient - Starting heartbeat executor: renew interval is: 30 
14:44:45.441 [main] INFO  c.n.d.InstanceInfoReplicator - InstanceInfoReplicator onDemand update allowed rate per min is 4 
14:44:45.444 [main] INFO  c.netflix.discovery.DiscoveryClient - Discovery Client initialized at timestamp 1576133085443 with initial instances count: 3 
14:44:45.476 [main] INFO  o.s.c.n.e.s.EurekaServiceRegistry - Registering application client with eureka with status UP 
14:44:45.477 [main] INFO  c.netflix.discovery.DiscoveryClient - Saw local status change event StatusChangeEvent [timestamp=1576133085477, current=UP, previous=STARTING] 
14:44:45.479 [DiscoveryClient-InstanceInfoReplicator-0] INFO  c.netflix.discovery.DiscoveryClient - DiscoveryClient_CLIENT/172.20.16.183:8989: registering service... 
14:44:45.500 [main] INFO  com.example.mybatisplus.LanmdaTest - Started LanmdaTest in 11.161 seconds (JVM running for 12.121) 
14:44:45.515 [DiscoveryClient-InstanceInfoReplicator-0] INFO  c.netflix.discovery.DiscoveryClient - DiscoveryClient_CLIENT/172.20.16.183:8989 - registration status: 204 
14:44:45.835 [Thread-6] INFO  o.s.w.c.s.GenericWebApplicationContext - Closing org.springframework.web.context.support.GenericWebApplicationContext@4e83a98: startup date [Thu Dec 12 14:44:39 CST 2019]; parent: org.springframework.context.annotation.AnnotationConfigApplicationContext@4a3631f8 
14:44:45.836 [Thread-6] INFO  o.s.c.n.e.s.EurekaServiceRegistry - Unregistering application client with eureka with status DOWN 
14:44:45.836 [Thread-6] WARN  c.netflix.discovery.DiscoveryClient - Saw local status change event StatusChangeEvent [timestamp=1576133085836, current=DOWN, previous=UP] 
14:44:45.837 [Thread-6] INFO  c.netflix.discovery.DiscoveryClient - Shutting down DiscoveryClient ... 
14:44:45.837 [DiscoveryClient-InstanceInfoReplicator-0] INFO  c.netflix.discovery.DiscoveryClient - DiscoveryClient_CLIENT/172.20.16.183:8989: registering service... 
14:44:45.837 [Thread-6] INFO  c.netflix.discovery.DiscoveryClient - Unregistering ... 
14:44:45.841 [Thread-6] INFO  c.netflix.discovery.DiscoveryClient - DiscoveryClient_CLIENT/172.20.16.183:8989 - deregister  status: 200 
14:44:45.841 [DiscoveryClient-InstanceInfoReplicator-0] INFO  c.netflix.discovery.DiscoveryClient - DiscoveryClient_CLIENT/172.20.16.183:8989 - registration status: 204 
14:44:45.851 [Thread-6] INFO  c.netflix.discovery.DiscoveryClient - Completed shut down of DiscoveryClient 
14:44:45.856 [Thread-6] INFO  o.s.c.s.DefaultLifecycleProcessor - Stopping beans in phase 0 
14:44:45.860 [Thread-6] INFO  o.s.s.c.ThreadPoolTaskExecutor - Shutting down ExecutorService 'AsyncTest' 
14:44:45.861 [Thread-6] INFO  o.s.c.a.AnnotationConfigApplicationContext - Closing org.springframework.context.annotation.AnnotationConfigApplicationContext@4b9fa2f: startup date [Thu Dec 12 14:44:41 CST 2019]; parent: org.springframework.web.context.support.GenericWebApplicationContext@4e83a98 
14:44:45.866 [Thread-6] WARN  o.s.c.a.AnnotationConfigApplicationContext - Exception thrown from ApplicationListener handling ContextClosedEvent 
org.springframework.beans.factory.BeanCreationNotAllowedException: Error creating bean with name 'eurekaAutoServiceRegistration': Singleton bean creation not allowed while singletons of this factory are in destruction (Do not request a bean from a BeanFactory in a destroy method implementation!)
	at org.springframework.beans.factory.support.DefaultSingletonBeanRegistry.getSingleton(DefaultSingletonBeanRegistry.java:216)
	at org.springframework.beans.factory.support.AbstractBeanFactory.doGetBean(AbstractBeanFactory.java:302)
	at org.springframework.beans.factory.support.AbstractBeanFactory.getBean(AbstractBeanFactory.java:197)
	at org.springframework.context.support.AbstractApplicationContext.getBean(AbstractApplicationContext.java:1078)
	at org.springframework.context.event.ApplicationListenerMethodAdapter.getTargetBean(ApplicationListenerMethodAdapter.java:283)
	at org.springframework.context.event.ApplicationListenerMethodAdapter.doInvoke(ApplicationListenerMethodAdapter.java:253)
	at org.springframework.context.event.ApplicationListenerMethodAdapter.processEvent(ApplicationListenerMethodAdapter.java:177)
	at org.springframework.context.event.ApplicationListenerMethodAdapter.onApplicationEvent(ApplicationListenerMethodAdapter.java:140)
	at org.springframework.context.event.SimpleApplicationEventMulticaster.invokeListener(SimpleApplicationEventMulticaster.java:167)
	at org.springframework.context.event.SimpleApplicationEventMulticaster.multicastEvent(SimpleApplicationEventMulticaster.java:139)
	at org.springframework.context.support.AbstractApplicationContext.publishEvent(AbstractApplicationContext.java:393)
	at org.springframework.context.support.AbstractApplicationContext.publishEvent(AbstractApplicationContext.java:399)
	at org.springframework.context.support.AbstractApplicationContext.publishEvent(AbstractApplicationContext.java:347)
	at org.springframework.context.support.AbstractApplicationContext.doClose(AbstractApplicationContext.java:991)
	at org.springframework.context.support.AbstractApplicationContext.close(AbstractApplicationContext.java:958)
	at org.springframework.cloud.context.named.NamedContextFactory.destroy(NamedContextFactory.java:76)
	at org.springframework.beans.factory.support.DisposableBeanAdapter.destroy(DisposableBeanAdapter.java:272)
	at org.springframework.beans.factory.support.DefaultSingletonBeanRegistry.destroyBean(DefaultSingletonBeanRegistry.java:578)
	at org.springframework.beans.factory.support.DefaultSingletonBeanRegistry.destroySingleton(DefaultSingletonBeanRegistry.java:554)
	at org.springframework.beans.factory.support.DefaultListableBeanFactory.destroySingleton(DefaultListableBeanFactory.java:961)
	at org.springframework.beans.factory.support.DefaultSingletonBeanRegistry.destroySingletons(DefaultSingletonBeanRegistry.java:523)
	at org.springframework.beans.factory.support.FactoryBeanRegistrySupport.destroySingletons(FactoryBeanRegistrySupport.java:230)
	at org.springframework.beans.factory.support.DefaultListableBeanFactory.destroySingletons(DefaultListableBeanFactory.java:968)
	at org.springframework.context.support.AbstractApplicationContext.destroyBeans(AbstractApplicationContext.java:1030)
	at org.springframework.context.support.AbstractApplicationContext.doClose(AbstractApplicationContext.java:1006)
	at org.springframework.context.support.AbstractApplicationContext$2.run(AbstractApplicationContext.java:929)
14:44:45.871 [Thread-6] INFO  c.a.druid.pool.DruidDataSource - {dataSource-1} closed 
14:46:08.887 [main] INFO  o.s.c.a.AnnotationConfigApplicationContext - Refreshing org.springframework.context.annotation.AnnotationConfigApplicationContext@4a3631f8: startup date [Thu Dec 12 14:46:08 CST 2019]; root of context hierarchy 
14:46:09.164 [main] INFO  o.s.b.f.a.AutowiredAnnotationBeanPostProcessor - JSR-330 'javax.inject.Inject' annotation found and supported for autowiring 
14:46:09.217 [main] INFO  o.s.c.s.PostProcessorRegistrationDelegate$BeanPostProcessorChecker - Bean 'configurationPropertiesRebinderAutoConfiguration' of type [org.springframework.cloud.autoconfigure.ConfigurationPropertiesRebinderAutoConfiguration$$EnhancerBySpringCGLIB$$9dfa06c7] is not eligible for getting processed by all BeanPostProcessors (for example: not eligible for auto-proxying) 
14:46:09.238 [background-preinit] INFO  o.h.validator.internal.util.Version - HV000001: Hibernate Validator 5.3.5.Final 
14:46:09.663 [main] INFO  o.s.c.n.eureka.InstanceInfoFactory - Setting initial instance status as: STARTING 
14:46:09.751 [main] INFO  c.netflix.discovery.DiscoveryClient - Initializing Eureka in region us-east-1 
14:46:10.242 [main] INFO  c.n.d.p.DiscoveryJerseyProvider - Using JSON encoding codec LegacyJacksonJson 
14:46:10.242 [main] INFO  c.n.d.p.DiscoveryJerseyProvider - Using JSON decoding codec LegacyJacksonJson 
14:46:10.368 [main] INFO  c.n.d.p.DiscoveryJerseyProvider - Using XML encoding codec XStreamXml 
14:46:10.368 [main] INFO  c.n.d.p.DiscoveryJerseyProvider - Using XML decoding codec XStreamXml 
14:46:10.594 [main] INFO  c.n.d.s.r.aws.ConfigClusterResolver - Resolving eureka endpoints via configuration 
14:46:10.751 [main] INFO  c.netflix.discovery.DiscoveryClient - Disable delta property : false 
14:46:10.751 [main] INFO  c.netflix.discovery.DiscoveryClient - Single vip registry refresh property : null 
14:46:10.751 [main] INFO  c.netflix.discovery.DiscoveryClient - Force full registry fetch : false 
14:46:10.751 [main] INFO  c.netflix.discovery.DiscoveryClient - Application is null : false 
14:46:10.751 [main] INFO  c.netflix.discovery.DiscoveryClient - Registered Applications size is zero : true 
14:46:10.751 [main] INFO  c.netflix.discovery.DiscoveryClient - Application version is -1: true 
14:46:10.751 [main] INFO  c.netflix.discovery.DiscoveryClient - Getting all instance registry info from the eureka server 
14:46:10.892 [main] INFO  c.netflix.discovery.DiscoveryClient - The response status is 200 
14:46:10.893 [main] INFO  c.netflix.discovery.DiscoveryClient - Not registering with Eureka server per configuration 
14:46:10.895 [main] INFO  c.netflix.discovery.DiscoveryClient - Discovery Client initialized at timestamp 1576133170895 with initial instances count: 3 
14:46:11.315 [main] INFO  o.s.c.c.c.ConfigServicePropertySourceLocator - Fetching config from server at: http://172.20.16.183:7979/ 
14:46:12.807 [main] INFO  o.s.c.c.c.ConfigServicePropertySourceLocator - Located environment: name=application-config, profiles=[test], label=master, version=a2c822efeb2dd4f6b7cb567653f9e68d9a640cc2, state=null 
14:46:12.808 [main] INFO  o.s.c.b.c.PropertySourceBootstrapConfiguration - Located property source: CompositePropertySource [name='configService', propertySources=[MapPropertySource [name='configClient'], MapPropertySource [name='https://github.com/mambolls/config.git/application-config-test.yml']]] 
14:46:12.817 [main] INFO  com.example.mybatisplus.LanmdaTest - No active profile set, falling back to default profiles: default 
14:46:12.824 [main] INFO  o.s.w.c.s.GenericWebApplicationContext - Refreshing org.springframework.web.context.support.GenericWebApplicationContext@4e83a98: startup date [Thu Dec 12 14:46:12 CST 2019]; parent: org.springframework.context.annotation.AnnotationConfigApplicationContext@4a3631f8 
14:46:13.598 [main] INFO  o.s.b.f.xml.XmlBeanDefinitionReader - Loading XML bean definitions from class path resource [META-INF/cxf/cxf.xml] 
14:46:13.963 [main] INFO  o.s.c.context.scope.GenericScope - BeanFactory id=33375d0f-d64b-3456-91c8-fba89b80669b 
14:46:14.059 [main] INFO  o.s.b.f.a.AutowiredAnnotationBeanPostProcessor - JSR-330 'javax.inject.Inject' annotation found and supported for autowiring 
14:46:14.213 [main] INFO  o.s.c.s.PostProcessorRegistrationDelegate$BeanPostProcessorChecker - Bean 'org.springframework.transaction.annotation.ProxyTransactionManagementConfiguration' of type [org.springframework.transaction.annotation.ProxyTransactionManagementConfiguration$$EnhancerBySpringCGLIB$$81e003ca] is not eligible for getting processed by all BeanPostProcessors (for example: not eligible for auto-proxying) 
14:46:14.324 [main] INFO  o.s.c.s.PostProcessorRegistrationDelegate$BeanPostProcessorChecker - Bean 'org.springframework.cloud.netflix.metrics.MetricsInterceptorConfiguration$MetricsRestTemplateConfiguration' of type [org.springframework.cloud.netflix.metrics.MetricsInterceptorConfiguration$MetricsRestTemplateConfiguration$$EnhancerBySpringCGLIB$$b40caa0b] is not eligible for getting processed by all BeanPostProcessors (for example: not eligible for auto-proxying) 
14:46:14.336 [main] INFO  o.s.c.s.PostProcessorRegistrationDelegate$BeanPostProcessorChecker - Bean 'org.springframework.cloud.autoconfigure.ConfigurationPropertiesRebinderAutoConfiguration' of type [org.springframework.cloud.autoconfigure.ConfigurationPropertiesRebinderAutoConfiguration$$EnhancerBySpringCGLIB$$9dfa06c7] is not eligible for getting processed by all BeanPostProcessors (for example: not eligible for auto-proxying) 
14:46:14.484 [main] INFO  c.a.d.s.b.a.DruidDataSourceAutoConfigure - Init DruidDataSource 
14:46:14.725 [main] INFO  c.a.druid.pool.DruidDataSource - {dataSource-1} inited 
14:46:15.148 [main] INFO  o.s.c.a.AnnotationConfigApplicationContext - Refreshing org.springframework.context.annotation.AnnotationConfigApplicationContext@4b9fa2f: startup date [Thu Dec 12 14:46:15 CST 2019]; parent: org.springframework.web.context.support.GenericWebApplicationContext@4e83a98 
14:46:15.164 [main] INFO  o.s.b.f.a.AutowiredAnnotationBeanPostProcessor - JSR-330 'javax.inject.Inject' annotation found and supported for autowiring 
14:46:15.479 [main] INFO  o.s.s.c.ThreadPoolTaskExecutor - Initializing ExecutorService  
14:46:15.484 [main] INFO  o.s.s.c.ThreadPoolTaskExecutor - Initializing ExecutorService  'AsyncTest' 
14:46:16.078 [main] WARN  c.n.c.s.URLConfigurationSource - No URLs will be polled as dynamic configuration sources. 
14:46:16.078 [main] INFO  c.n.c.s.URLConfigurationSource - To enable URLs as dynamic configuration sources, define System property archaius.configurationSource.additionalUrls or make config.properties available on classpath. 
14:46:16.086 [main] WARN  c.n.c.s.URLConfigurationSource - No URLs will be polled as dynamic configuration sources. 
14:46:16.086 [main] INFO  c.n.c.s.URLConfigurationSource - To enable URLs as dynamic configuration sources, define System property archaius.configurationSource.additionalUrls or make config.properties available on classpath. 
14:46:16.237 [main] INFO  o.s.w.s.m.m.a.RequestMappingHandlerAdapter - Looking for @ControllerAdvice: org.springframework.web.context.support.GenericWebApplicationContext@4e83a98: startup date [Thu Dec 12 14:46:12 CST 2019]; parent: org.springframework.context.annotation.AnnotationConfigApplicationContext@4a3631f8 
14:46:16.375 [main] INFO  o.s.w.s.m.m.a.RequestMappingHandlerMapping - Mapped "{[/client/test],methods=[GET]}" onto public java.lang.String com.example.mybatisplus.controller.ClientTestController.test() 
14:46:16.376 [main] INFO  o.s.w.s.m.m.a.RequestMappingHandlerMapping - Mapped "{[/client/testAsync],methods=[GET]}" onto public com.kingxunlian.common.XLBaseResponse<java.lang.String> com.example.mybatisplus.controller.ClientTestController.testAsync() 
14:46:16.376 [main] INFO  o.s.w.s.m.m.a.RequestMappingHandlerMapping - Mapped "{[/client/selectUsers]}" onto public com.kingxunlian.common.XLBaseResponse<java.util.List<com.example.mybatisplus.client.entity.User>> com.example.mybatisplus.controller.ClientTestController.selectUsers() 
14:46:16.377 [main] INFO  o.s.w.s.m.m.a.RequestMappingHandlerMapping - Mapped "{[/client/getUser]}" onto public com.kingxunlian.common.XLBaseResponse<java.lang.String> com.example.mybatisplus.controller.ClientTestController.getUSer() 
14:46:16.377 [main] INFO  o.s.w.s.m.m.a.RequestMappingHandlerMapping - Mapped "{[/output/user/getUsers],methods=[POST]}" onto public abstract java.lang.String com.example.mybatisplus.feign.ClientTestFeign.getUser() 
14:46:16.379 [main] INFO  o.s.w.s.m.m.a.RequestMappingHandlerMapping - Mapped "{[/error]}" onto public org.springframework.http.ResponseEntity<java.util.Map<java.lang.String, java.lang.Object>> org.springframework.boot.autoconfigure.web.BasicErrorController.error(javax.servlet.http.HttpServletRequest) 
14:46:16.379 [main] INFO  o.s.w.s.m.m.a.RequestMappingHandlerMapping - Mapped "{[/error],produces=[text/html]}" onto public org.springframework.web.servlet.ModelAndView org.springframework.boot.autoconfigure.web.BasicErrorController.errorHtml(javax.servlet.http.HttpServletRequest,javax.servlet.http.HttpServletResponse) 
14:46:16.422 [main] INFO  o.s.w.s.h.SimpleUrlHandlerMapping - Mapped URL path [/webjars/**] onto handler of type [class org.springframework.web.servlet.resource.ResourceHttpRequestHandler] 
14:46:16.422 [main] INFO  o.s.w.s.h.SimpleUrlHandlerMapping - Mapped URL path [/**] onto handler of type [class org.springframework.web.servlet.resource.ResourceHttpRequestHandler] 
14:46:16.472 [main] INFO  o.s.w.s.h.SimpleUrlHandlerMapping - Mapped URL path [/**/favicon.ico] onto handler of type [class org.springframework.web.servlet.resource.ResourceHttpRequestHandler] 
14:46:17.195 [main] INFO  o.s.b.a.e.m.EndpointHandlerMapping - Mapped "{[/refresh || /refresh.json],methods=[POST]}" onto public java.lang.Object org.springframework.cloud.endpoint.GenericPostableMvcEndpoint.invoke() 
14:46:17.195 [main] INFO  o.s.b.a.e.m.EndpointHandlerMapping - Mapped "{[/features || /features.json],methods=[GET],produces=[application/vnd.spring-boot.actuator.v1+json || application/json]}" onto public java.lang.Object org.springframework.boot.actuate.endpoint.mvc.EndpointMvcAdapter.invoke() 
14:46:17.195 [main] INFO  o.s.b.a.e.m.EndpointHandlerMapping - Mapped "{[/service-registry/instance-status],methods=[POST]}" onto public org.springframework.http.ResponseEntity<?> org.springframework.cloud.client.serviceregistry.endpoint.ServiceRegistryEndpoint.setStatus(java.lang.String) 
14:46:17.195 [main] INFO  o.s.b.a.e.m.EndpointHandlerMapping - Mapped "{[/service-registry/instance-status],methods=[GET]}" onto public org.springframework.http.ResponseEntity org.springframework.cloud.client.serviceregistry.endpoint.ServiceRegistryEndpoint.getStatus() 
14:46:17.195 [main] INFO  o.s.b.a.e.m.EndpointHandlerMapping - Mapped "{[/archaius || /archaius.json],methods=[GET],produces=[application/vnd.spring-boot.actuator.v1+json || application/json]}" onto public java.lang.Object org.springframework.boot.actuate.endpoint.mvc.EndpointMvcAdapter.invoke() 
14:46:17.195 [main] INFO  o.s.b.a.e.m.EndpointHandlerMapping - Mapped "{[/env/{name:.*}],methods=[GET],produces=[application/vnd.spring-boot.actuator.v1+json || application/json]}" onto public java.lang.Object org.springframework.boot.actuate.endpoint.mvc.EnvironmentMvcEndpoint.value(java.lang.String) 
14:46:17.195 [main] INFO  o.s.b.a.e.m.EndpointHandlerMapping - Mapped "{[/env || /env.json],methods=[GET],produces=[application/vnd.spring-boot.actuator.v1+json || application/json]}" onto public java.lang.Object org.springframework.boot.actuate.endpoint.mvc.EndpointMvcAdapter.invoke() 
14:46:17.195 [main] INFO  o.s.b.a.e.m.EndpointHandlerMapping - Mapped "{[/loggers/{name:.*}],methods=[GET],produces=[application/vnd.spring-boot.actuator.v1+json || application/json]}" onto public java.lang.Object org.springframework.boot.actuate.endpoint.mvc.LoggersMvcEndpoint.get(java.lang.String) 
14:46:17.195 [main] INFO  o.s.b.a.e.m.EndpointHandlerMapping - Mapped "{[/loggers/{name:.*}],methods=[POST],consumes=[application/vnd.spring-boot.actuator.v1+json || application/json],produces=[application/vnd.spring-boot.actuator.v1+json || application/json]}" onto public java.lang.Object org.springframework.boot.actuate.endpoint.mvc.LoggersMvcEndpoint.set(java.lang.String,java.util.Map<java.lang.String, java.lang.String>) 
14:46:17.195 [main] INFO  o.s.b.a.e.m.EndpointHandlerMapping - Mapped "{[/loggers || /loggers.json],methods=[GET],produces=[application/vnd.spring-boot.actuator.v1+json || application/json]}" onto public java.lang.Object org.springframework.boot.actuate.endpoint.mvc.EndpointMvcAdapter.invoke() 
14:46:17.195 [main] INFO  o.s.b.a.e.m.EndpointHandlerMapping - Mapped "{[/pause || /pause.json],methods=[POST]}" onto public java.lang.Object org.springframework.cloud.endpoint.GenericPostableMvcEndpoint.invoke() 
14:46:17.195 [main] INFO  o.s.b.a.e.m.EndpointHandlerMapping - Mapped "{[/dump || /dump.json],methods=[GET],produces=[application/vnd.spring-boot.actuator.v1+json || application/json]}" onto public java.lang.Object org.springframework.boot.actuate.endpoint.mvc.EndpointMvcAdapter.invoke() 
14:46:17.195 [main] INFO  o.s.b.a.e.m.EndpointHandlerMapping - Mapped "{[/auditevents || /auditevents.json],methods=[GET],produces=[application/vnd.spring-boot.actuator.v1+json || application/json]}" onto public org.springframework.http.ResponseEntity<?> org.springframework.boot.actuate.endpoint.mvc.AuditEventsMvcEndpoint.findByPrincipalAndAfterAndType(java.lang.String,java.util.Date,java.lang.String) 
14:46:17.195 [main] INFO  o.s.b.a.e.m.EndpointHandlerMapping - Mapped "{[/mappings || /mappings.json],methods=[GET],produces=[application/vnd.spring-boot.actuator.v1+json || application/json]}" onto public java.lang.Object org.springframework.boot.actuate.endpoint.mvc.EndpointMvcAdapter.invoke() 
14:46:17.195 [main] INFO  o.s.b.a.e.m.EndpointHandlerMapping - Mapped "{[/metrics/{name:.*}],methods=[GET],produces=[application/vnd.spring-boot.actuator.v1+json || application/json]}" onto public java.lang.Object org.springframework.boot.actuate.endpoint.mvc.MetricsMvcEndpoint.value(java.lang.String) 
14:46:17.195 [main] INFO  o.s.b.a.e.m.EndpointHandlerMapping - Mapped "{[/metrics || /metrics.json],methods=[GET],produces=[application/vnd.spring-boot.actuator.v1+json || application/json]}" onto public java.lang.Object org.springframework.boot.actuate.endpoint.mvc.EndpointMvcAdapter.invoke() 
14:46:17.195 [main] INFO  o.s.b.a.e.m.EndpointHandlerMapping - Mapped "{[/configprops || /configprops.json],methods=[GET],produces=[application/vnd.spring-boot.actuator.v1+json || application/json]}" onto public java.lang.Object org.springframework.boot.actuate.endpoint.mvc.EndpointMvcAdapter.invoke() 
14:46:17.211 [main] INFO  o.s.b.a.e.m.EndpointHandlerMapping - Mapped "{[/env],methods=[POST]}" onto public java.lang.Object org.springframework.cloud.context.environment.EnvironmentManagerMvcEndpoint.value(java.util.Map<java.lang.String, java.lang.String>) 
14:46:17.211 [main] INFO  o.s.b.a.e.m.EndpointHandlerMapping - Mapped "{[/env/reset],methods=[POST]}" onto public java.util.Map<java.lang.String, java.lang.Object> org.springframework.cloud.context.environment.EnvironmentManagerMvcEndpoint.reset() 
14:46:17.211 [main] INFO  o.s.b.a.e.m.EndpointHandlerMapping - Mapped "{[/trace || /trace.json],methods=[GET],produces=[application/vnd.spring-boot.actuator.v1+json || application/json]}" onto public java.lang.Object org.springframework.boot.actuate.endpoint.mvc.EndpointMvcAdapter.invoke() 
14:46:17.211 [main] INFO  o.s.b.a.e.m.EndpointHandlerMapping - Mapped "{[/beans || /beans.json],methods=[GET],produces=[application/vnd.spring-boot.actuator.v1+json || application/json]}" onto public java.lang.Object org.springframework.boot.actuate.endpoint.mvc.EndpointMvcAdapter.invoke() 
14:46:17.211 [main] INFO  o.s.b.a.e.m.EndpointHandlerMapping - Mapped "{[/health || /health.json],methods=[GET],produces=[application/vnd.spring-boot.actuator.v1+json || application/json]}" onto public java.lang.Object org.springframework.boot.actuate.endpoint.mvc.HealthMvcEndpoint.invoke(javax.servlet.http.HttpServletRequest,java.security.Principal) 
14:46:17.211 [main] INFO  o.s.b.a.e.m.EndpointHandlerMapping - Mapped "{[/autoconfig || /autoconfig.json],methods=[GET],produces=[application/vnd.spring-boot.actuator.v1+json || application/json]}" onto public java.lang.Object org.springframework.boot.actuate.endpoint.mvc.EndpointMvcAdapter.invoke() 
14:46:17.211 [main] INFO  o.s.b.a.e.m.EndpointHandlerMapping - Mapped "{[/heapdump || /heapdump.json],methods=[GET],produces=[application/octet-stream]}" onto public void org.springframework.boot.actuate.endpoint.mvc.HeapdumpMvcEndpoint.invoke(boolean,javax.servlet.http.HttpServletRequest,javax.servlet.http.HttpServletResponse) throws java.io.IOException,javax.servlet.ServletException 
14:46:17.211 [main] INFO  o.s.b.a.e.m.EndpointHandlerMapping - Mapped "{[/resume || /resume.json],methods=[POST]}" onto public java.lang.Object org.springframework.cloud.endpoint.GenericPostableMvcEndpoint.invoke() 
14:46:17.211 [main] INFO  o.s.b.a.e.m.EndpointHandlerMapping - Mapped "{[/restart || /restart.json],methods=[POST]}" onto public java.lang.Object org.springframework.cloud.context.restart.RestartMvcEndpoint.invoke() 
14:46:17.211 [main] INFO  o.s.b.a.e.m.EndpointHandlerMapping - Mapped "{[/info || /info.json],methods=[GET],produces=[application/vnd.spring-boot.actuator.v1+json || application/json]}" onto public java.lang.Object org.springframework.boot.actuate.endpoint.mvc.EndpointMvcAdapter.invoke() 
14:46:17.503 [main] INFO  c.netflix.discovery.DiscoveryClient - Shutting down DiscoveryClient ... 
14:46:17.519 [main] INFO  c.netflix.discovery.DiscoveryClient - Completed shut down of DiscoveryClient 
14:46:18.093 [main] INFO  o.s.c.s.DefaultLifecycleProcessor - Starting beans in phase 0 
14:46:18.099 [main] INFO  o.s.c.n.eureka.InstanceInfoFactory - Setting initial instance status as: STARTING 
14:46:18.110 [main] INFO  c.netflix.discovery.DiscoveryClient - Initializing Eureka in region us-east-1 
14:46:18.111 [main] INFO  c.n.d.p.DiscoveryJerseyProvider - Using JSON encoding codec LegacyJacksonJson 
14:46:18.111 [main] INFO  c.n.d.p.DiscoveryJerseyProvider - Using JSON decoding codec LegacyJacksonJson 
14:46:18.111 [main] INFO  c.n.d.p.DiscoveryJerseyProvider - Using XML encoding codec XStreamXml 
14:46:18.111 [main] INFO  c.n.d.p.DiscoveryJerseyProvider - Using XML decoding codec XStreamXml 
14:46:18.162 [main] INFO  c.n.d.s.r.aws.ConfigClusterResolver - Resolving eureka endpoints via configuration 
14:46:18.179 [main] INFO  c.netflix.discovery.DiscoveryClient - Disable delta property : false 
14:46:18.179 [main] INFO  c.netflix.discovery.DiscoveryClient - Single vip registry refresh property : null 
14:46:18.179 [main] INFO  c.netflix.discovery.DiscoveryClient - Force full registry fetch : false 
14:46:18.179 [main] INFO  c.netflix.discovery.DiscoveryClient - Application is null : false 
14:46:18.179 [main] INFO  c.netflix.discovery.DiscoveryClient - Registered Applications size is zero : true 
14:46:18.179 [main] INFO  c.netflix.discovery.DiscoveryClient - Application version is -1: true 
14:46:18.179 [main] INFO  c.netflix.discovery.DiscoveryClient - Getting all instance registry info from the eureka server 
14:46:18.179 [main] INFO  c.netflix.discovery.DiscoveryClient - The response status is 200 
14:46:18.179 [main] INFO  c.netflix.discovery.DiscoveryClient - Starting heartbeat executor: renew interval is: 30 
14:46:18.179 [main] INFO  c.n.d.InstanceInfoReplicator - InstanceInfoReplicator onDemand update allowed rate per min is 4 
14:46:18.179 [main] INFO  c.netflix.discovery.DiscoveryClient - Discovery Client initialized at timestamp 1576133178179 with initial instances count: 3 
14:46:18.210 [main] INFO  o.s.c.n.e.s.EurekaServiceRegistry - Registering application client with eureka with status UP 
14:46:18.210 [main] INFO  c.netflix.discovery.DiscoveryClient - Saw local status change event StatusChangeEvent [timestamp=1576133178210, current=UP, previous=STARTING] 
14:46:18.210 [DiscoveryClient-InstanceInfoReplicator-0] INFO  c.netflix.discovery.DiscoveryClient - DiscoveryClient_CLIENT/172.20.16.183:8989: registering service... 
14:46:18.249 [main] INFO  com.example.mybatisplus.LanmdaTest - Started LanmdaTest in 10.117 seconds (JVM running for 11.123) 
14:46:18.256 [DiscoveryClient-InstanceInfoReplicator-0] INFO  c.netflix.discovery.DiscoveryClient - DiscoveryClient_CLIENT/172.20.16.183:8989 - registration status: 204 
14:46:18.567 [Thread-6] INFO  o.s.w.c.s.GenericWebApplicationContext - Closing org.springframework.web.context.support.GenericWebApplicationContext@4e83a98: startup date [Thu Dec 12 14:46:12 CST 2019]; parent: org.springframework.context.annotation.AnnotationConfigApplicationContext@4a3631f8 
14:46:18.567 [Thread-6] INFO  o.s.c.n.e.s.EurekaServiceRegistry - Unregistering application client with eureka with status DOWN 
14:46:18.568 [Thread-6] WARN  c.netflix.discovery.DiscoveryClient - Saw local status change event StatusChangeEvent [timestamp=1576133178568, current=DOWN, previous=UP] 
14:46:18.568 [DiscoveryClient-InstanceInfoReplicator-0] INFO  c.netflix.discovery.DiscoveryClient - DiscoveryClient_CLIENT/172.20.16.183:8989: registering service... 
14:46:18.568 [Thread-6] INFO  c.netflix.discovery.DiscoveryClient - Shutting down DiscoveryClient ... 
14:46:18.568 [Thread-6] INFO  c.netflix.discovery.DiscoveryClient - Unregistering ... 
14:46:18.573 [Thread-6] INFO  c.netflix.discovery.DiscoveryClient - DiscoveryClient_CLIENT/172.20.16.183:8989 - deregister  status: 200 
14:46:18.573 [DiscoveryClient-InstanceInfoReplicator-0] INFO  c.netflix.discovery.DiscoveryClient - DiscoveryClient_CLIENT/172.20.16.183:8989 - registration status: 204 
14:46:18.580 [Thread-6] INFO  c.netflix.discovery.DiscoveryClient - Completed shut down of DiscoveryClient 
14:46:18.585 [Thread-6] INFO  o.s.c.s.DefaultLifecycleProcessor - Stopping beans in phase 0 
14:46:18.588 [Thread-6] INFO  o.s.s.c.ThreadPoolTaskExecutor - Shutting down ExecutorService 'AsyncTest' 
14:46:18.589 [Thread-6] INFO  o.s.c.a.AnnotationConfigApplicationContext - Closing org.springframework.context.annotation.AnnotationConfigApplicationContext@4b9fa2f: startup date [Thu Dec 12 14:46:15 CST 2019]; parent: org.springframework.web.context.support.GenericWebApplicationContext@4e83a98 
14:46:18.593 [Thread-6] WARN  o.s.c.a.AnnotationConfigApplicationContext - Exception thrown from ApplicationListener handling ContextClosedEvent 
org.springframework.beans.factory.BeanCreationNotAllowedException: Error creating bean with name 'eurekaAutoServiceRegistration': Singleton bean creation not allowed while singletons of this factory are in destruction (Do not request a bean from a BeanFactory in a destroy method implementation!)
	at org.springframework.beans.factory.support.DefaultSingletonBeanRegistry.getSingleton(DefaultSingletonBeanRegistry.java:216)
	at org.springframework.beans.factory.support.AbstractBeanFactory.doGetBean(AbstractBeanFactory.java:302)
	at org.springframework.beans.factory.support.AbstractBeanFactory.getBean(AbstractBeanFactory.java:197)
	at org.springframework.context.support.AbstractApplicationContext.getBean(AbstractApplicationContext.java:1078)
	at org.springframework.context.event.ApplicationListenerMethodAdapter.getTargetBean(ApplicationListenerMethodAdapter.java:283)
	at org.springframework.context.event.ApplicationListenerMethodAdapter.doInvoke(ApplicationListenerMethodAdapter.java:253)
	at org.springframework.context.event.ApplicationListenerMethodAdapter.processEvent(ApplicationListenerMethodAdapter.java:177)
	at org.springframework.context.event.ApplicationListenerMethodAdapter.onApplicationEvent(ApplicationListenerMethodAdapter.java:140)
	at org.springframework.context.event.SimpleApplicationEventMulticaster.invokeListener(SimpleApplicationEventMulticaster.java:167)
	at org.springframework.context.event.SimpleApplicationEventMulticaster.multicastEvent(SimpleApplicationEventMulticaster.java:139)
	at org.springframework.context.support.AbstractApplicationContext.publishEvent(AbstractApplicationContext.java:393)
	at org.springframework.context.support.AbstractApplicationContext.publishEvent(AbstractApplicationContext.java:399)
	at org.springframework.context.support.AbstractApplicationContext.publishEvent(AbstractApplicationContext.java:347)
	at org.springframework.context.support.AbstractApplicationContext.doClose(AbstractApplicationContext.java:991)
	at org.springframework.context.support.AbstractApplicationContext.close(AbstractApplicationContext.java:958)
	at org.springframework.cloud.context.named.NamedContextFactory.destroy(NamedContextFactory.java:76)
	at org.springframework.beans.factory.support.DisposableBeanAdapter.destroy(DisposableBeanAdapter.java:272)
	at org.springframework.beans.factory.support.DefaultSingletonBeanRegistry.destroyBean(DefaultSingletonBeanRegistry.java:578)
	at org.springframework.beans.factory.support.DefaultSingletonBeanRegistry.destroySingleton(DefaultSingletonBeanRegistry.java:554)
	at org.springframework.beans.factory.support.DefaultListableBeanFactory.destroySingleton(DefaultListableBeanFactory.java:961)
	at org.springframework.beans.factory.support.DefaultSingletonBeanRegistry.destroySingletons(DefaultSingletonBeanRegistry.java:523)
	at org.springframework.beans.factory.support.FactoryBeanRegistrySupport.destroySingletons(FactoryBeanRegistrySupport.java:230)
	at org.springframework.beans.factory.support.DefaultListableBeanFactory.destroySingletons(DefaultListableBeanFactory.java:968)
	at org.springframework.context.support.AbstractApplicationContext.destroyBeans(AbstractApplicationContext.java:1030)
	at org.springframework.context.support.AbstractApplicationContext.doClose(AbstractApplicationContext.java:1006)
	at org.springframework.context.support.AbstractApplicationContext$2.run(AbstractApplicationContext.java:929)
14:46:18.598 [Thread-6] INFO  c.a.druid.pool.DruidDataSource - {dataSource-1} closed 
